c:\users\werni\desktop\dieta\dieta\dieta\dieta\x64\debug\vc142.pdb
c:\users\werni\desktop\dieta\dieta\dieta\dieta\x64\debug\vc142.idb
c:\users\werni\desktop\dieta\dieta\dieta\dieta\x64\debug\wczytywanie_danych.obj
c:\users\werni\desktop\dieta\dieta\dieta\dieta\x64\debug\wartosci_odzywcze.obj
c:\users\werni\desktop\dieta\dieta\dieta\dieta\x64\debug\tablica.obj
c:\users\werni\desktop\dieta\dieta\dieta\dieta\x64\debug\main.obj
c:\users\werni\desktop\dieta\dieta\dieta\dieta\x64\debug\liczenie_kalorii.obj
c:\users\werni\desktop\dieta\dieta\dieta\dieta\x64\debug\jadlospis.obj
c:\users\werni\desktop\dieta\dieta\x64\debug\vc142.pdb
c:\users\werni\desktop\dieta\dieta\x64\debug\vc142.idb
c:\users\werni\desktop\dieta\dieta\x64\debug\wczytywanie_danych.obj
c:\users\werni\desktop\dieta\dieta\x64\debug\wartosci_odzywcze.obj
c:\users\werni\desktop\dieta\dieta\x64\debug\tablica.obj
c:\users\werni\desktop\dieta\dieta\x64\debug\main.obj
c:\users\werni\desktop\dieta\dieta\x64\debug\liczenie_kalorii.obj
c:\users\werni\desktop\dieta\dieta\x64\debug\jadlospis.obj
c:\users\werni\desktop\dieta\dieta\dieta\x64\debug\dieta.exe
c:\users\werni\desktop\dieta\dieta\dieta\x64\debug\dieta.ilk
c:\users\werni\desktop\dieta\dieta\dieta\x64\debug\dieta.pdb
c:\users\werni\desktop\dieta\x64\debug\dieta.exe
c:\users\werni\desktop\dieta\x64\debug\dieta.ilk
c:\users\werni\desktop\dieta\x64\debug\dieta.pdb
c:\users\werni\desktop\dieta\dieta\x64\debug\dieta.tlog\cl.command.1.tlog
c:\users\werni\desktop\dieta\dieta\x64\debug\dieta.tlog\cl.read.1.tlog
c:\users\werni\desktop\dieta\dieta\x64\debug\dieta.tlog\cl.write.1.tlog
c:\users\werni\desktop\dieta\dieta\x64\debug\dieta.tlog\link.command.1.tlog
c:\users\werni\desktop\dieta\dieta\x64\debug\dieta.tlog\link.read.1.tlog
c:\users\werni\desktop\dieta\dieta\x64\debug\dieta.tlog\link.write.1.tlog
