c:\users\faustyna bąk\downloads\adasd\dieta\dieta\dieta\debug\vc142.pdb
c:\users\faustyna bąk\downloads\adasd\dieta\dieta\dieta\debug\vc142.idb
c:\users\faustyna bąk\downloads\adasd\dieta\dieta\dieta\debug\wczytywanie_danych.obj
c:\users\faustyna bąk\downloads\adasd\dieta\dieta\dieta\debug\wartości_odżywcze.obj
c:\users\faustyna bąk\downloads\adasd\dieta\dieta\dieta\debug\main.obj
c:\users\faustyna bąk\downloads\adasd\dieta\dieta\dieta\debug\liczenie_kalorii.obj
c:\users\faustyna bąk\downloads\adasd\dieta\dieta\dieta\debug\jadłospis.obj
c:\users\faustyna bąk\downloads\adasd\dieta\dieta\debug\dieta.ilk
c:\users\faustyna bąk\downloads\adasd\dieta\dieta\debug\dieta.exe
c:\users\faustyna bąk\downloads\adasd\dieta\dieta\debug\dieta.pdb
c:\users\faustyna bąk\desktop\etrapez\1212121\dieta\dieta\debug\jadłospis.obj
c:\users\faustyna bąk\desktop\etrapez\1212121\dieta\dieta\debug\liczenie_kalorii.obj
c:\users\faustyna bąk\desktop\etrapez\1212121\dieta\dieta\debug\main.obj
c:\users\faustyna bąk\desktop\etrapez\1212121\dieta\dieta\debug\wartości_odżywcze.obj
c:\users\faustyna bąk\desktop\etrapez\1212121\dieta\dieta\debug\wczytywanie_danych.obj
c:\users\faustyna bąk\desktop\etrapez\1212121\dieta\dieta\debug\vc142.idb
c:\users\faustyna bąk\desktop\etrapez\1212121\dieta\dieta\debug\vc142.pdb
c:\users\faustyna bąk\desktop\etrapez\1212121\dieta\debug\dieta.pdb
c:\users\faustyna bąk\desktop\etrapez\1212121\dieta\debug\dieta.exe
c:\users\faustyna bąk\desktop\etrapez\1212121\dieta\debug\dieta.ilk
c:\users\faustyna bąk\desktop\etrapez\1212121\dieta\dieta\debug\dieta.tlog\cl.command.1.tlog
c:\users\faustyna bąk\desktop\etrapez\1212121\dieta\dieta\debug\dieta.tlog\cl.read.1.tlog
c:\users\faustyna bąk\desktop\etrapez\1212121\dieta\dieta\debug\dieta.tlog\cl.write.1.tlog
c:\users\faustyna bąk\desktop\etrapez\1212121\dieta\dieta\debug\dieta.tlog\link.command.1.tlog
c:\users\faustyna bąk\desktop\etrapez\1212121\dieta\dieta\debug\dieta.tlog\link.read.1.tlog
c:\users\faustyna bąk\desktop\etrapez\1212121\dieta\dieta\debug\dieta.tlog\link.write.1.tlog
